[0.527s] Invoking command in '/home/addinedu/git_ws/FinalProject/src/task_manager': PYTHONPATH=/home/addinedu/git_ws/FinalProject/build/task_manager/prefix_override:/home/addinedu/git_ws/FinalProject/install/task_manager/lib/python3.10/site-packages:${PYTHONPATH} /usr/bin/python3 -W ignore:setup.py install is deprecated setup.py egg_info --egg-base ../../build/task_manager build --build-base /home/addinedu/git_ws/FinalProject/build/task_manager/build install --record /home/addinedu/git_ws/FinalProject/build/task_manager/install.log --single-version-externally-managed install_data
[0.711s] running egg_info
[0.711s] writing ../../build/task_manager/task_manager.egg-info/PKG-INFO
[0.711s] writing dependency_links to ../../build/task_manager/task_manager.egg-info/dependency_links.txt
[0.711s] writing entry points to ../../build/task_manager/task_manager.egg-info/entry_points.txt
[0.711s] writing requirements to ../../build/task_manager/task_manager.egg-info/requires.txt
[0.712s] writing top-level names to ../../build/task_manager/task_manager.egg-info/top_level.txt
[0.713s] reading manifest file '../../build/task_manager/task_manager.egg-info/SOURCES.txt'
[0.714s] writing manifest file '../../build/task_manager/task_manager.egg-info/SOURCES.txt'
[0.714s] running build
[0.714s] running build_py
[0.714s] copying task_manager/task_dispather.py -> /home/addinedu/git_ws/FinalProject/build/task_manager/build/lib/task_manager
[0.715s] running install
[0.715s] running install_lib
[0.716s] copying /home/addinedu/git_ws/FinalProject/build/task_manager/build/lib/task_manager/task_dispather.py -> /home/addinedu/git_ws/FinalProject/install/task_manager/lib/python3.10/site-packages/task_manager
[0.716s] byte-compiling /home/addinedu/git_ws/FinalProject/install/task_manager/lib/python3.10/site-packages/task_manager/task_dispather.py to task_dispather.cpython-310.pyc
[0.717s] running install_data
[0.717s] running install_egg_info
[0.718s] removing '/home/addinedu/git_ws/FinalProject/install/task_manager/lib/python3.10/site-packages/task_manager-0.0.0-py3.10.egg-info' (and everything under it)
[0.718s] Copying ../../build/task_manager/task_manager.egg-info to /home/addinedu/git_ws/FinalProject/install/task_manager/lib/python3.10/site-packages/task_manager-0.0.0-py3.10.egg-info
[0.719s] running install_scripts
[0.735s] Installing order_receiver script to /home/addinedu/git_ws/FinalProject/install/task_manager/lib/task_manager
[0.735s] writing list of installed files to '/home/addinedu/git_ws/FinalProject/build/task_manager/install.log'
[0.756s] Invoked command in '/home/addinedu/git_ws/FinalProject/src/task_manager' returned '0': PYTHONPATH=/home/addinedu/git_ws/FinalProject/build/task_manager/prefix_override:/home/addinedu/git_ws/FinalProject/install/task_manager/lib/python3.10/site-packages:${PYTHONPATH} /usr/bin/python3 -W ignore:setup.py install is deprecated setup.py egg_info --egg-base ../../build/task_manager build --build-base /home/addinedu/git_ws/FinalProject/build/task_manager/build install --record /home/addinedu/git_ws/FinalProject/build/task_manager/install.log --single-version-externally-managed install_data
