[0.672s] Invoking command in '/home/addinedu/ros-repo-2/gui/manager_pkg/src/manager_pkg': PYTHONPATH=/home/addinedu/ros-repo-2/gui/manager_pkg/build/manager_pkg/prefix_override:/home/addinedu/ros-repo-2/gui/manager_pkg/install/manager_pkg/lib/python3.10/site-packages:${PYTHONPATH} /usr/bin/python3 -W ignore:setup.py install is deprecated setup.py egg_info --egg-base ../../build/manager_pkg build --build-base /home/addinedu/ros-repo-2/gui/manager_pkg/build/manager_pkg/build install --record /home/addinedu/ros-repo-2/gui/manager_pkg/build/manager_pkg/install.log --single-version-externally-managed install_data
[0.877s] running egg_info
[0.892s] writing ../../build/manager_pkg/manager_pkg.egg-info/PKG-INFO
[0.892s] writing dependency_links to ../../build/manager_pkg/manager_pkg.egg-info/dependency_links.txt
[0.892s] writing entry points to ../../build/manager_pkg/manager_pkg.egg-info/entry_points.txt
[0.892s] writing requirements to ../../build/manager_pkg/manager_pkg.egg-info/requires.txt
[0.893s] writing top-level names to ../../build/manager_pkg/manager_pkg.egg-info/top_level.txt
[0.923s] reading manifest file '../../build/manager_pkg/manager_pkg.egg-info/SOURCES.txt'
[0.923s] writing manifest file '../../build/manager_pkg/manager_pkg.egg-info/SOURCES.txt'
[0.924s] running build
[0.924s] running build_py
[0.924s] copying manager_pkg/manager_main.py -> /home/addinedu/ros-repo-2/gui/manager_pkg/build/manager_pkg/build/lib/manager_pkg
[0.924s] copying manager_pkg/barcode_scanner.py -> /home/addinedu/ros-repo-2/gui/manager_pkg/build/manager_pkg/build/lib/manager_pkg
[0.924s] copying manager_pkg/__init__.py -> /home/addinedu/ros-repo-2/gui/manager_pkg/build/manager_pkg/build/lib/manager_pkg
[0.924s] running install
[0.929s] running install_lib
[0.945s] copying /home/addinedu/ros-repo-2/gui/manager_pkg/build/manager_pkg/build/lib/manager_pkg/manager_main.py -> /home/addinedu/ros-repo-2/gui/manager_pkg/install/manager_pkg/lib/python3.10/site-packages/manager_pkg
[0.945s] byte-compiling /home/addinedu/ros-repo-2/gui/manager_pkg/install/manager_pkg/lib/python3.10/site-packages/manager_pkg/manager_main.py to manager_main.cpython-310.pyc
[0.947s] running install_data
[0.948s] copying resource/manager_pkg -> /home/addinedu/ros-repo-2/gui/manager_pkg/install/manager_pkg/share/ament_index/resource_index/packages
[0.948s] copying package.xml -> /home/addinedu/ros-repo-2/gui/manager_pkg/install/manager_pkg/share/manager_pkg
[0.948s] copying image/A2.png -> /home/addinedu/ros-repo-2/gui/manager_pkg/install/manager_pkg/share/manager_pkg/image
[0.948s] copying image/A1.png -> /home/addinedu/ros-repo-2/gui/manager_pkg/install/manager_pkg/share/manager_pkg/image
[0.948s] copying image/home.png -> /home/addinedu/ros-repo-2/gui/manager_pkg/install/manager_pkg/share/manager_pkg/image
[0.948s] copying image/C1.png -> /home/addinedu/ros-repo-2/gui/manager_pkg/install/manager_pkg/share/manager_pkg/image
[0.948s] copying image/robot.png -> /home/addinedu/ros-repo-2/gui/manager_pkg/install/manager_pkg/share/manager_pkg/image
[0.948s] copying image/map.yaml -> /home/addinedu/ros-repo-2/gui/manager_pkg/install/manager_pkg/share/manager_pkg/image
[0.949s] copying image/map.pgm -> /home/addinedu/ros-repo-2/gui/manager_pkg/install/manager_pkg/share/manager_pkg/image
[0.949s] copying image/C2.png -> /home/addinedu/ros-repo-2/gui/manager_pkg/install/manager_pkg/share/manager_pkg/image
[0.949s] copying image/list.png -> /home/addinedu/ros-repo-2/gui/manager_pkg/install/manager_pkg/share/manager_pkg/image
[0.949s] copying image/B2.png -> /home/addinedu/ros-repo-2/gui/manager_pkg/install/manager_pkg/share/manager_pkg/image
[0.949s] copying image/resources.qrc -> /home/addinedu/ros-repo-2/gui/manager_pkg/install/manager_pkg/share/manager_pkg/image
[0.949s] copying image/B1.png -> /home/addinedu/ros-repo-2/gui/manager_pkg/install/manager_pkg/share/manager_pkg/image
[0.949s] copying data/barcode_data.json -> /home/addinedu/ros-repo-2/gui/manager_pkg/install/manager_pkg/share/manager_pkg/data
[0.949s] copying ui/manager.ui -> /home/addinedu/ros-repo-2/gui/manager_pkg/install/manager_pkg/share/manager_pkg/ui
[0.950s] running install_egg_info
[0.966s] removing '/home/addinedu/ros-repo-2/gui/manager_pkg/install/manager_pkg/lib/python3.10/site-packages/manager_pkg-0.0.0-py3.10.egg-info' (and everything under it)
[0.966s] Copying ../../build/manager_pkg/manager_pkg.egg-info to /home/addinedu/ros-repo-2/gui/manager_pkg/install/manager_pkg/lib/python3.10/site-packages/manager_pkg-0.0.0-py3.10.egg-info
[0.967s] running install_scripts
[1.101s] Installing manager_main script to /home/addinedu/ros-repo-2/gui/manager_pkg/install/manager_pkg/lib/manager_pkg
[1.101s] writing list of installed files to '/home/addinedu/ros-repo-2/gui/manager_pkg/build/manager_pkg/install.log'
[1.117s] Invoked command in '/home/addinedu/ros-repo-2/gui/manager_pkg/src/manager_pkg' returned '0': PYTHONPATH=/home/addinedu/ros-repo-2/gui/manager_pkg/build/manager_pkg/prefix_override:/home/addinedu/ros-repo-2/gui/manager_pkg/install/manager_pkg/lib/python3.10/site-packages:${PYTHONPATH} /usr/bin/python3 -W ignore:setup.py install is deprecated setup.py egg_info --egg-base ../../build/manager_pkg build --build-base /home/addinedu/ros-repo-2/gui/manager_pkg/build/manager_pkg/build install --record /home/addinedu/ros-repo-2/gui/manager_pkg/build/manager_pkg/install.log --single-version-externally-managed install_data
