[0.458s] Invoking command in '/home/addinedu/git_ws/FinalProject/src/task_manager': PYTHONPATH=/home/addinedu/git_ws/FinalProject/build/task_manager/prefix_override:/home/addinedu/git_ws/FinalProject/install/task_manager/lib/python3.10/site-packages:${PYTHONPATH} VIRTUAL_ENV_PROMPT=(pyserial) /usr/bin/python3 -W ignore:setup.py install is deprecated setup.py egg_info --egg-base ../../build/task_manager build --build-base /home/addinedu/git_ws/FinalProject/build/task_manager/build install --record /home/addinedu/git_ws/FinalProject/build/task_manager/install.log --single-version-externally-managed install_data
[0.624s] running egg_info
[0.624s] writing ../../build/task_manager/task_manager.egg-info/PKG-INFO
[0.624s] writing dependency_links to ../../build/task_manager/task_manager.egg-info/dependency_links.txt
[0.624s] writing entry points to ../../build/task_manager/task_manager.egg-info/entry_points.txt
[0.624s] writing requirements to ../../build/task_manager/task_manager.egg-info/requires.txt
[0.624s] writing top-level names to ../../build/task_manager/task_manager.egg-info/top_level.txt
[0.626s] reading manifest file '../../build/task_manager/task_manager.egg-info/SOURCES.txt'
[0.626s] writing manifest file '../../build/task_manager/task_manager.egg-info/SOURCES.txt'
[0.626s] running build
[0.626s] running build_py
[0.626s] running install
[0.627s] running install_lib
[0.627s] running install_data
[0.627s] copying package.xml -> /home/addinedu/git_ws/FinalProject/install/task_manager/share/task_manager
[0.628s] running install_egg_info
[0.629s] removing '/home/addinedu/git_ws/FinalProject/install/task_manager/lib/python3.10/site-packages/task_manager-0.0.0-py3.10.egg-info' (and everything under it)
[0.629s] Copying ../../build/task_manager/task_manager.egg-info to /home/addinedu/git_ws/FinalProject/install/task_manager/lib/python3.10/site-packages/task_manager-0.0.0-py3.10.egg-info
[0.629s] running install_scripts
[0.644s] Installing task_receiver script to /home/addinedu/git_ws/FinalProject/install/task_manager/lib/task_manager
[0.644s] writing list of installed files to '/home/addinedu/git_ws/FinalProject/build/task_manager/install.log'
[0.661s] Invoked command in '/home/addinedu/git_ws/FinalProject/src/task_manager' returned '0': PYTHONPATH=/home/addinedu/git_ws/FinalProject/build/task_manager/prefix_override:/home/addinedu/git_ws/FinalProject/install/task_manager/lib/python3.10/site-packages:${PYTHONPATH} VIRTUAL_ENV_PROMPT=(pyserial) /usr/bin/python3 -W ignore:setup.py install is deprecated setup.py egg_info --egg-base ../../build/task_manager build --build-base /home/addinedu/git_ws/FinalProject/build/task_manager/build install --record /home/addinedu/git_ws/FinalProject/build/task_manager/install.log --single-version-externally-managed install_data
