/home/addinedu/ros-repo-2/gui/manager_pkg/install/manager_pkg/lib/python3.10/site-packages/manager_pkg/manager_main.py
/home/addinedu/ros-repo-2/gui/manager_pkg/install/manager_pkg/lib/python3.10/site-packages/manager_pkg/barcode_scanner.py
/home/addinedu/ros-repo-2/gui/manager_pkg/install/manager_pkg/lib/python3.10/site-packages/manager_pkg/__init__.py
/home/addinedu/ros-repo-2/gui/manager_pkg/install/manager_pkg/lib/python3.10/site-packages/manager_pkg/__pycache__/manager_main.cpython-310.pyc
/home/addinedu/ros-repo-2/gui/manager_pkg/install/manager_pkg/lib/python3.10/site-packages/manager_pkg/__pycache__/barcode_scanner.cpython-310.pyc
/home/addinedu/ros-repo-2/gui/manager_pkg/install/manager_pkg/lib/python3.10/site-packages/manager_pkg/__pycache__/__init__.cpython-310.pyc
/home/addinedu/ros-repo-2/gui/manager_pkg/install/manager_pkg/share/ament_index/resource_index/packages/manager_pkg
/home/addinedu/ros-repo-2/gui/manager_pkg/install/manager_pkg/share/manager_pkg/package.xml
/home/addinedu/ros-repo-2/gui/manager_pkg/install/manager_pkg/share/manager_pkg/image/A2.png
/home/addinedu/ros-repo-2/gui/manager_pkg/install/manager_pkg/share/manager_pkg/image/A1.png
/home/addinedu/ros-repo-2/gui/manager_pkg/install/manager_pkg/share/manager_pkg/image/home.png
/home/addinedu/ros-repo-2/gui/manager_pkg/install/manager_pkg/share/manager_pkg/image/C1.png
/home/addinedu/ros-repo-2/gui/manager_pkg/install/manager_pkg/share/manager_pkg/image/robot.png
/home/addinedu/ros-repo-2/gui/manager_pkg/install/manager_pkg/share/manager_pkg/image/map.yaml
/home/addinedu/ros-repo-2/gui/manager_pkg/install/manager_pkg/share/manager_pkg/image/map.pgm
/home/addinedu/ros-repo-2/gui/manager_pkg/install/manager_pkg/share/manager_pkg/image/C2.png
/home/addinedu/ros-repo-2/gui/manager_pkg/install/manager_pkg/share/manager_pkg/image/list.png
/home/addinedu/ros-repo-2/gui/manager_pkg/install/manager_pkg/share/manager_pkg/image/B2.png
/home/addinedu/ros-repo-2/gui/manager_pkg/install/manager_pkg/share/manager_pkg/image/resources.qrc
/home/addinedu/ros-repo-2/gui/manager_pkg/install/manager_pkg/share/manager_pkg/image/B1.png
/home/addinedu/ros-repo-2/gui/manager_pkg/install/manager_pkg/share/manager_pkg/data/barcode_data.json
/home/addinedu/ros-repo-2/gui/manager_pkg/install/manager_pkg/share/manager_pkg/ui/manager.ui
/home/addinedu/ros-repo-2/gui/manager_pkg/install/manager_pkg/lib/python3.10/site-packages/manager_pkg-0.0.0-py3.10.egg-info/dependency_links.txt
/home/addinedu/ros-repo-2/gui/manager_pkg/install/manager_pkg/lib/python3.10/site-packages/manager_pkg-0.0.0-py3.10.egg-info/SOURCES.txt
/home/addinedu/ros-repo-2/gui/manager_pkg/install/manager_pkg/lib/python3.10/site-packages/manager_pkg-0.0.0-py3.10.egg-info/top_level.txt
/home/addinedu/ros-repo-2/gui/manager_pkg/install/manager_pkg/lib/python3.10/site-packages/manager_pkg-0.0.0-py3.10.egg-info/PKG-INFO
/home/addinedu/ros-repo-2/gui/manager_pkg/install/manager_pkg/lib/python3.10/site-packages/manager_pkg-0.0.0-py3.10.egg-info/requires.txt
/home/addinedu/ros-repo-2/gui/manager_pkg/install/manager_pkg/lib/python3.10/site-packages/manager_pkg-0.0.0-py3.10.egg-info/zip-safe
/home/addinedu/ros-repo-2/gui/manager_pkg/install/manager_pkg/lib/python3.10/site-packages/manager_pkg-0.0.0-py3.10.egg-info/entry_points.txt
/home/addinedu/ros-repo-2/gui/manager_pkg/install/manager_pkg/lib/manager_pkg/manager_main
