[0.682s] Invoking command in '/home/addinedu/ros-repo-2/gui/manager_pkg/src/manager_pkg': PYTHONPATH=/home/addinedu/ros-repo-2/gui/manager_pkg/build/manager_pkg/prefix_override:/home/addinedu/ros-repo-2/gui/manager_pkg/install/manager_pkg/lib/python3.10/site-packages:${PYTHONPATH} VIRTUAL_ENV_PROMPT=(qt_venv) /usr/bin/python3 -W ignore:setup.py install is deprecated setup.py egg_info --egg-base ../../build/manager_pkg build --build-base /home/addinedu/ros-repo-2/gui/manager_pkg/build/manager_pkg/build install --record /home/addinedu/ros-repo-2/gui/manager_pkg/build/manager_pkg/install.log --single-version-externally-managed install_data
[0.892s] running egg_info
[0.893s] creating ../../build/manager_pkg/manager_pkg.egg-info
[0.908s] writing ../../build/manager_pkg/manager_pkg.egg-info/PKG-INFO
[0.908s] writing dependency_links to ../../build/manager_pkg/manager_pkg.egg-info/dependency_links.txt
[0.908s] writing entry points to ../../build/manager_pkg/manager_pkg.egg-info/entry_points.txt
[0.909s] writing requirements to ../../build/manager_pkg/manager_pkg.egg-info/requires.txt
[0.909s] writing top-level names to ../../build/manager_pkg/manager_pkg.egg-info/top_level.txt
[0.909s] writing manifest file '../../build/manager_pkg/manager_pkg.egg-info/SOURCES.txt'
[0.943s] reading manifest file '../../build/manager_pkg/manager_pkg.egg-info/SOURCES.txt'
[0.944s] writing manifest file '../../build/manager_pkg/manager_pkg.egg-info/SOURCES.txt'
[0.944s] running build
[0.945s] running build_py
[0.945s] creating /home/addinedu/ros-repo-2/gui/manager_pkg/build/manager_pkg/build
[0.945s] creating /home/addinedu/ros-repo-2/gui/manager_pkg/build/manager_pkg/build/lib
[0.945s] creating /home/addinedu/ros-repo-2/gui/manager_pkg/build/manager_pkg/build/lib/manager_pkg
[0.945s] copying manager_pkg/manager_main.py -> /home/addinedu/ros-repo-2/gui/manager_pkg/build/manager_pkg/build/lib/manager_pkg
[0.945s] copying manager_pkg/barcode_scanner.py -> /home/addinedu/ros-repo-2/gui/manager_pkg/build/manager_pkg/build/lib/manager_pkg
[0.945s] copying manager_pkg/__init__.py -> /home/addinedu/ros-repo-2/gui/manager_pkg/build/manager_pkg/build/lib/manager_pkg
[0.945s] running install
[0.950s] running install_lib
[0.966s] creating /home/addinedu/ros-repo-2/gui/manager_pkg/install/manager_pkg/lib/python3.10/site-packages/manager_pkg
[0.966s] copying /home/addinedu/ros-repo-2/gui/manager_pkg/build/manager_pkg/build/lib/manager_pkg/manager_main.py -> /home/addinedu/ros-repo-2/gui/manager_pkg/install/manager_pkg/lib/python3.10/site-packages/manager_pkg
[0.966s] copying /home/addinedu/ros-repo-2/gui/manager_pkg/build/manager_pkg/build/lib/manager_pkg/barcode_scanner.py -> /home/addinedu/ros-repo-2/gui/manager_pkg/install/manager_pkg/lib/python3.10/site-packages/manager_pkg
[0.967s] copying /home/addinedu/ros-repo-2/gui/manager_pkg/build/manager_pkg/build/lib/manager_pkg/__init__.py -> /home/addinedu/ros-repo-2/gui/manager_pkg/install/manager_pkg/lib/python3.10/site-packages/manager_pkg
[0.967s] byte-compiling /home/addinedu/ros-repo-2/gui/manager_pkg/install/manager_pkg/lib/python3.10/site-packages/manager_pkg/manager_main.py to manager_main.cpython-310.pyc
[0.967s]   File "/home/addinedu/ros-repo-2/gui/manager_pkg/install/manager_pkg/lib/python3.10/site-packages/manager_pkg/manager_main.py", line 15
[0.967s]     >>>>>>> 75a130c5d2a5987b926194b7fea4e6d9c4496b1d
[0.967s]              ^
[0.967s] SyntaxError: invalid decimal literal
[0.967s] 
[0.967s] byte-compiling /home/addinedu/ros-repo-2/gui/manager_pkg/install/manager_pkg/lib/python3.10/site-packages/manager_pkg/barcode_scanner.py to barcode_scanner.cpython-310.pyc
[0.968s] byte-compiling /home/addinedu/ros-repo-2/gui/manager_pkg/install/manager_pkg/lib/python3.10/site-packages/manager_pkg/__init__.py to __init__.cpython-310.pyc
[0.968s] running install_data
[0.968s] creating /home/addinedu/ros-repo-2/gui/manager_pkg/install/manager_pkg/share/ament_index
[0.968s] creating /home/addinedu/ros-repo-2/gui/manager_pkg/install/manager_pkg/share/ament_index/resource_index
[0.968s] creating /home/addinedu/ros-repo-2/gui/manager_pkg/install/manager_pkg/share/ament_index/resource_index/packages
[0.968s] copying resource/manager_pkg -> /home/addinedu/ros-repo-2/gui/manager_pkg/install/manager_pkg/share/ament_index/resource_index/packages
[0.968s] copying package.xml -> /home/addinedu/ros-repo-2/gui/manager_pkg/install/manager_pkg/share/manager_pkg
[0.968s] creating /home/addinedu/ros-repo-2/gui/manager_pkg/install/manager_pkg/share/manager_pkg/image
[0.969s] copying image/A2.png -> /home/addinedu/ros-repo-2/gui/manager_pkg/install/manager_pkg/share/manager_pkg/image
[0.969s] copying image/A1.png -> /home/addinedu/ros-repo-2/gui/manager_pkg/install/manager_pkg/share/manager_pkg/image
[0.969s] copying image/home.png -> /home/addinedu/ros-repo-2/gui/manager_pkg/install/manager_pkg/share/manager_pkg/image
[0.969s] copying image/C1.png -> /home/addinedu/ros-repo-2/gui/manager_pkg/install/manager_pkg/share/manager_pkg/image
[0.969s] copying image/robot.png -> /home/addinedu/ros-repo-2/gui/manager_pkg/install/manager_pkg/share/manager_pkg/image
[0.969s] copying image/map.yaml -> /home/addinedu/ros-repo-2/gui/manager_pkg/install/manager_pkg/share/manager_pkg/image
[0.970s] copying image/map.pgm -> /home/addinedu/ros-repo-2/gui/manager_pkg/install/manager_pkg/share/manager_pkg/image
[0.970s] copying image/C2.png -> /home/addinedu/ros-repo-2/gui/manager_pkg/install/manager_pkg/share/manager_pkg/image
[0.970s] copying image/list.png -> /home/addinedu/ros-repo-2/gui/manager_pkg/install/manager_pkg/share/manager_pkg/image
[0.970s] copying image/B2.png -> /home/addinedu/ros-repo-2/gui/manager_pkg/install/manager_pkg/share/manager_pkg/image
[0.970s] copying image/resources.qrc -> /home/addinedu/ros-repo-2/gui/manager_pkg/install/manager_pkg/share/manager_pkg/image
[0.970s] copying image/B1.png -> /home/addinedu/ros-repo-2/gui/manager_pkg/install/manager_pkg/share/manager_pkg/image
[0.970s] creating /home/addinedu/ros-repo-2/gui/manager_pkg/install/manager_pkg/share/manager_pkg/data
[0.970s] copying data/barcode_data.json -> /home/addinedu/ros-repo-2/gui/manager_pkg/install/manager_pkg/share/manager_pkg/data
[0.970s] creating /home/addinedu/ros-repo-2/gui/manager_pkg/install/manager_pkg/share/manager_pkg/ui
[0.970s] copying ui/manager.ui -> /home/addinedu/ros-repo-2/gui/manager_pkg/install/manager_pkg/share/manager_pkg/ui
[0.971s] running install_egg_info
[0.987s] Copying ../../build/manager_pkg/manager_pkg.egg-info to /home/addinedu/ros-repo-2/gui/manager_pkg/install/manager_pkg/lib/python3.10/site-packages/manager_pkg-0.0.0-py3.10.egg-info
[0.987s] running install_scripts
[1.143s] Installing manager_main script to /home/addinedu/ros-repo-2/gui/manager_pkg/install/manager_pkg/lib/manager_pkg
[1.143s] writing list of installed files to '/home/addinedu/ros-repo-2/gui/manager_pkg/build/manager_pkg/install.log'
[1.171s] Invoked command in '/home/addinedu/ros-repo-2/gui/manager_pkg/src/manager_pkg' returned '0': PYTHONPATH=/home/addinedu/ros-repo-2/gui/manager_pkg/build/manager_pkg/prefix_override:/home/addinedu/ros-repo-2/gui/manager_pkg/install/manager_pkg/lib/python3.10/site-packages:${PYTHONPATH} VIRTUAL_ENV_PROMPT=(qt_venv) /usr/bin/python3 -W ignore:setup.py install is deprecated setup.py egg_info --egg-base ../../build/manager_pkg build --build-base /home/addinedu/ros-repo-2/gui/manager_pkg/build/manager_pkg/build install --record /home/addinedu/ros-repo-2/gui/manager_pkg/build/manager_pkg/install.log --single-version-externally-managed install_data
