[0.070s] DEBUG:colcon:Command line arguments: ['/usr/bin/colcon', 'build']
[0.070s] DEBUG:colcon:Parsed command line arguments: Namespace(log_base=None, log_level=None, verb_name='build', build_base='build', install_base='install', merge_install=False, symlink_install=False, test_result_base=None, continue_on_error=False, executor='parallel', parallel_workers=8, event_handlers=None, ignore_user_meta=False, metas=['./colcon.meta'], base_paths=['.'], packages_ignore=None, packages_ignore_regex=None, paths=None, packages_up_to=None, packages_up_to_regex=None, packages_above=None, packages_above_and_dependencies=None, packages_above_depth=None, packages_select_by_dep=None, packages_skip_by_dep=None, packages_skip_up_to=None, packages_select_build_failed=False, packages_skip_build_finished=False, packages_select_test_failures=False, packages_skip_test_passed=False, packages_select=None, packages_skip=None, packages_select_regex=None, packages_skip_regex=None, packages_start=None, packages_end=None, allow_overriding=[], cmake_args=None, cmake_target=None, cmake_target_skip_unavailable=False, cmake_clean_cache=False, cmake_clean_first=False, cmake_force_configure=False, ament_cmake_args=None, catkin_cmake_args=None, catkin_skip_building_tests=False, mixin_files=None, mixin=None, verb_parser=<colcon_mixin.mixin.mixin_argument.MixinArgumentDecorator object at 0x701ad2660fd0>, verb_extension=<colcon_core.verb.build.BuildVerb object at 0x701ad26603d0>, main=<bound method BuildVerb.main of <colcon_core.verb.build.BuildVerb object at 0x701ad26603d0>>, mixin_verb=('build',))
[0.189s] Level 1:colcon.colcon_core.package_discovery:discover_packages(colcon_meta) check parameters
[0.189s] Level 1:colcon.colcon_core.package_discovery:discover_packages(recursive) check parameters
[0.189s] Level 1:colcon.colcon_core.package_discovery:discover_packages(ignore) check parameters
[0.189s] Level 1:colcon.colcon_core.package_discovery:discover_packages(path) check parameters
[0.189s] Level 1:colcon.colcon_core.package_discovery:discover_packages(colcon_meta) discover
[0.189s] Level 1:colcon.colcon_core.package_discovery:discover_packages(recursive) discover
[0.189s] INFO:colcon.colcon_core.package_discovery:Crawling recursively for packages in '/home/addinedu/git_ws/FinalProject'
[0.189s] Level 1:colcon.colcon_core.package_identification:_identify(.) by extensions ['ignore', 'ignore_ament_install']
[0.189s] Level 1:colcon.colcon_core.package_identification:_identify(.) by extension 'ignore'
[0.189s] Level 1:colcon.colcon_core.package_identification:_identify(.) by extension 'ignore_ament_install'
[0.189s] Level 1:colcon.colcon_core.package_identification:_identify(.) by extensions ['colcon_pkg']
[0.189s] Level 1:colcon.colcon_core.package_identification:_identify(.) by extension 'colcon_pkg'
[0.189s] Level 1:colcon.colcon_core.package_identification:_identify(.) by extensions ['colcon_meta']
[0.189s] Level 1:colcon.colcon_core.package_identification:_identify(.) by extension 'colcon_meta'
[0.189s] Level 1:colcon.colcon_core.package_identification:_identify(.) by extensions ['ros']
[0.189s] Level 1:colcon.colcon_core.package_identification:_identify(.) by extension 'ros'
[0.203s] Level 1:colcon.colcon_core.package_identification:_identify(.) by extensions ['cmake', 'python']
[0.203s] Level 1:colcon.colcon_core.package_identification:_identify(.) by extension 'cmake'
[0.203s] Level 1:colcon.colcon_core.package_identification:_identify(.) by extension 'python'
[0.203s] Level 1:colcon.colcon_core.package_identification:_identify(.) by extensions ['python_setup_py']
[0.203s] Level 1:colcon.colcon_core.package_identification:_identify(.) by extension 'python_setup_py'
[0.204s] Level 1:colcon.colcon_core.package_identification:_identify(build) by extensions ['ignore', 'ignore_ament_install']
[0.204s] Level 1:colcon.colcon_core.package_identification:_identify(build) by extension 'ignore'
[0.204s] Level 1:colcon.colcon_core.package_identification:_identify(build) ignored
[0.204s] Level 1:colcon.colcon_core.package_identification:_identify(config) by extensions ['ignore', 'ignore_ament_install']
[0.204s] Level 1:colcon.colcon_core.package_identification:_identify(config) by extension 'ignore'
[0.204s] Level 1:colcon.colcon_core.package_identification:_identify(config) by extension 'ignore_ament_install'
[0.204s] Level 1:colcon.colcon_core.package_identification:_identify(config) by extensions ['colcon_pkg']
[0.204s] Level 1:colcon.colcon_core.package_identification:_identify(config) by extension 'colcon_pkg'
[0.204s] Level 1:colcon.colcon_core.package_identification:_identify(config) by extensions ['colcon_meta']
[0.204s] Level 1:colcon.colcon_core.package_identification:_identify(config) by extension 'colcon_meta'
[0.204s] Level 1:colcon.colcon_core.package_identification:_identify(config) by extensions ['ros']
[0.204s] Level 1:colcon.colcon_core.package_identification:_identify(config) by extension 'ros'
[0.204s] Level 1:colcon.colcon_core.package_identification:_identify(config) by extensions ['cmake', 'python']
[0.204s] Level 1:colcon.colcon_core.package_identification:_identify(config) by extension 'cmake'
[0.204s] Level 1:colcon.colcon_core.package_identification:_identify(config) by extension 'python'
[0.204s] Level 1:colcon.colcon_core.package_identification:_identify(config) by extensions ['python_setup_py']
[0.204s] Level 1:colcon.colcon_core.package_identification:_identify(config) by extension 'python_setup_py'
[0.204s] Level 1:colcon.colcon_core.package_identification:_identify(db) by extensions ['ignore', 'ignore_ament_install']
[0.204s] Level 1:colcon.colcon_core.package_identification:_identify(db) by extension 'ignore'
[0.204s] Level 1:colcon.colcon_core.package_identification:_identify(db) by extension 'ignore_ament_install'
[0.204s] Level 1:colcon.colcon_core.package_identification:_identify(db) by extensions ['colcon_pkg']
[0.204s] Level 1:colcon.colcon_core.package_identification:_identify(db) by extension 'colcon_pkg'
[0.204s] Level 1:colcon.colcon_core.package_identification:_identify(db) by extensions ['colcon_meta']
[0.204s] Level 1:colcon.colcon_core.package_identification:_identify(db) by extension 'colcon_meta'
[0.204s] Level 1:colcon.colcon_core.package_identification:_identify(db) by extensions ['ros']
[0.204s] Level 1:colcon.colcon_core.package_identification:_identify(db) by extension 'ros'
[0.204s] Level 1:colcon.colcon_core.package_identification:_identify(db) by extensions ['cmake', 'python']
[0.204s] Level 1:colcon.colcon_core.package_identification:_identify(db) by extension 'cmake'
[0.204s] Level 1:colcon.colcon_core.package_identification:_identify(db) by extension 'python'
[0.204s] Level 1:colcon.colcon_core.package_identification:_identify(db) by extensions ['python_setup_py']
[0.204s] Level 1:colcon.colcon_core.package_identification:_identify(db) by extension 'python_setup_py'
[0.205s] Level 1:colcon.colcon_core.package_identification:_identify(gui) by extensions ['ignore', 'ignore_ament_install']
[0.205s] Level 1:colcon.colcon_core.package_identification:_identify(gui) by extension 'ignore'
[0.205s] Level 1:colcon.colcon_core.package_identification:_identify(gui) by extension 'ignore_ament_install'
[0.205s] Level 1:colcon.colcon_core.package_identification:_identify(gui) by extensions ['colcon_pkg']
[0.205s] Level 1:colcon.colcon_core.package_identification:_identify(gui) by extension 'colcon_pkg'
[0.205s] Level 1:colcon.colcon_core.package_identification:_identify(gui) by extensions ['colcon_meta']
[0.205s] Level 1:colcon.colcon_core.package_identification:_identify(gui) by extension 'colcon_meta'
[0.205s] Level 1:colcon.colcon_core.package_identification:_identify(gui) by extensions ['ros']
[0.205s] Level 1:colcon.colcon_core.package_identification:_identify(gui) by extension 'ros'
[0.205s] Level 1:colcon.colcon_core.package_identification:_identify(gui) by extensions ['cmake', 'python']
[0.205s] Level 1:colcon.colcon_core.package_identification:_identify(gui) by extension 'cmake'
[0.205s] Level 1:colcon.colcon_core.package_identification:_identify(gui) by extension 'python'
[0.205s] Level 1:colcon.colcon_core.package_identification:_identify(gui) by extensions ['python_setup_py']
[0.205s] Level 1:colcon.colcon_core.package_identification:_identify(gui) by extension 'python_setup_py'
[0.205s] Level 1:colcon.colcon_core.package_identification:_identify(gui/src) by extensions ['ignore', 'ignore_ament_install']
[0.205s] Level 1:colcon.colcon_core.package_identification:_identify(gui/src) by extension 'ignore'
[0.205s] Level 1:colcon.colcon_core.package_identification:_identify(gui/src) by extension 'ignore_ament_install'
[0.205s] Level 1:colcon.colcon_core.package_identification:_identify(gui/src) by extensions ['colcon_pkg']
[0.205s] Level 1:colcon.colcon_core.package_identification:_identify(gui/src) by extension 'colcon_pkg'
[0.205s] Level 1:colcon.colcon_core.package_identification:_identify(gui/src) by extensions ['colcon_meta']
[0.205s] Level 1:colcon.colcon_core.package_identification:_identify(gui/src) by extension 'colcon_meta'
[0.205s] Level 1:colcon.colcon_core.package_identification:_identify(gui/src) by extensions ['ros']
[0.205s] Level 1:colcon.colcon_core.package_identification:_identify(gui/src) by extension 'ros'
[0.205s] Level 1:colcon.colcon_core.package_identification:_identify(gui/src) by extensions ['cmake', 'python']
[0.205s] Level 1:colcon.colcon_core.package_identification:_identify(gui/src) by extension 'cmake'
[0.205s] Level 1:colcon.colcon_core.package_identification:_identify(gui/src) by extension 'python'
[0.205s] Level 1:colcon.colcon_core.package_identification:_identify(gui/src) by extensions ['python_setup_py']
[0.205s] Level 1:colcon.colcon_core.package_identification:_identify(gui/src) by extension 'python_setup_py'
[0.205s] Level 1:colcon.colcon_core.package_identification:_identify(gui/ui) by extensions ['ignore', 'ignore_ament_install']
[0.205s] Level 1:colcon.colcon_core.package_identification:_identify(gui/ui) by extension 'ignore'
[0.205s] Level 1:colcon.colcon_core.package_identification:_identify(gui/ui) by extension 'ignore_ament_install'
[0.205s] Level 1:colcon.colcon_core.package_identification:_identify(gui/ui) by extensions ['colcon_pkg']
[0.205s] Level 1:colcon.colcon_core.package_identification:_identify(gui/ui) by extension 'colcon_pkg'
[0.205s] Level 1:colcon.colcon_core.package_identification:_identify(gui/ui) by extensions ['colcon_meta']
[0.205s] Level 1:colcon.colcon_core.package_identification:_identify(gui/ui) by extension 'colcon_meta'
[0.205s] Level 1:colcon.colcon_core.package_identification:_identify(gui/ui) by extensions ['ros']
[0.205s] Level 1:colcon.colcon_core.package_identification:_identify(gui/ui) by extension 'ros'
[0.206s] Level 1:colcon.colcon_core.package_identification:_identify(gui/ui) by extensions ['cmake', 'python']
[0.206s] Level 1:colcon.colcon_core.package_identification:_identify(gui/ui) by extension 'cmake'
[0.206s] Level 1:colcon.colcon_core.package_identification:_identify(gui/ui) by extension 'python'
[0.206s] Level 1:colcon.colcon_core.package_identification:_identify(gui/ui) by extensions ['python_setup_py']
[0.206s] Level 1:colcon.colcon_core.package_identification:_identify(gui/ui) by extension 'python_setup_py'
[0.206s] Level 1:colcon.colcon_core.package_identification:_identify(install) by extensions ['ignore', 'ignore_ament_install']
[0.206s] Level 1:colcon.colcon_core.package_identification:_identify(install) by extension 'ignore'
[0.206s] Level 1:colcon.colcon_core.package_identification:_identify(install) ignored
[0.206s] Level 1:colcon.colcon_core.package_identification:_identify(log) by extensions ['ignore', 'ignore_ament_install']
[0.206s] Level 1:colcon.colcon_core.package_identification:_identify(log) by extension 'ignore'
[0.206s] Level 1:colcon.colcon_core.package_identification:_identify(log) ignored
[0.206s] Level 1:colcon.colcon_core.package_identification:_identify(server) by extensions ['ignore', 'ignore_ament_install']
[0.206s] Level 1:colcon.colcon_core.package_identification:_identify(server) by extension 'ignore'
[0.206s] Level 1:colcon.colcon_core.package_identification:_identify(server) by extension 'ignore_ament_install'
[0.206s] Level 1:colcon.colcon_core.package_identification:_identify(server) by extensions ['colcon_pkg']
[0.206s] Level 1:colcon.colcon_core.package_identification:_identify(server) by extension 'colcon_pkg'
[0.206s] Level 1:colcon.colcon_core.package_identification:_identify(server) by extensions ['colcon_meta']
[0.206s] Level 1:colcon.colcon_core.package_identification:_identify(server) by extension 'colcon_meta'
[0.206s] Level 1:colcon.colcon_core.package_identification:_identify(server) by extensions ['ros']
[0.206s] Level 1:colcon.colcon_core.package_identification:_identify(server) by extension 'ros'
[0.206s] Level 1:colcon.colcon_core.package_identification:_identify(server) by extensions ['cmake', 'python']
[0.206s] Level 1:colcon.colcon_core.package_identification:_identify(server) by extension 'cmake'
[0.206s] Level 1:colcon.colcon_core.package_identification:_identify(server) by extension 'python'
[0.206s] Level 1:colcon.colcon_core.package_identification:_identify(server) by extensions ['python_setup_py']
[0.206s] Level 1:colcon.colcon_core.package_identification:_identify(server) by extension 'python_setup_py'
[0.206s] Level 1:colcon.colcon_core.package_identification:_identify(server/node_modules) by extensions ['ignore', 'ignore_ament_install']
[0.206s] Level 1:colcon.colcon_core.package_identification:_identify(server/node_modules) by extension 'ignore'
[0.206s] Level 1:colcon.colcon_core.package_identification:_identify(server/node_modules) by extension 'ignore_ament_install'
[0.206s] Level 1:colcon.colcon_core.package_identification:_identify(server/node_modules) by extensions ['colcon_pkg']
[0.206s] Level 1:colcon.colcon_core.package_identification:_identify(server/node_modules) by extension 'colcon_pkg'
[0.206s] Level 1:colcon.colcon_core.package_identification:_identify(server/node_modules) by extensions ['colcon_meta']
[0.206s] Level 1:colcon.colcon_core.package_identification:_identify(server/node_modules) by extension 'colcon_meta'
[0.206s] Level 1:colcon.colcon_core.package_identification:_identify(server/node_modules) by extensions ['ros']
[0.206s] Level 1:colcon.colcon_core.package_identification:_identify(server/node_modules) by extension 'ros'
[0.207s] Level 1:colcon.colcon_core.package_identification:_identify(server/node_modules) by extensions ['cmake', 'python']
[0.207s] Level 1:colcon.colcon_core.package_identification:_identify(server/node_modules) by extension 'cmake'
[0.207s] Level 1:colcon.colcon_core.package_identification:_identify(server/node_modules) by extension 'python'
[0.207s] Level 1:colcon.colcon_core.package_identification:_identify(server/node_modules) by extensions ['python_setup_py']
[0.207s] Level 1:colcon.colcon_core.package_identification:_identify(server/node_modules) by extension 'python_setup_py'
[0.207s] Level 1:colcon.colcon_core.package_identification:_identify(server/node_modules/ws) by extensions ['ignore', 'ignore_ament_install']
[0.207s] Level 1:colcon.colcon_core.package_identification:_identify(server/node_modules/ws) by extension 'ignore'
[0.207s] Level 1:colcon.colcon_core.package_identification:_identify(server/node_modules/ws) by extension 'ignore_ament_install'
[0.207s] Level 1:colcon.colcon_core.package_identification:_identify(server/node_modules/ws) by extensions ['colcon_pkg']
[0.207s] Level 1:colcon.colcon_core.package_identification:_identify(server/node_modules/ws) by extension 'colcon_pkg'
[0.207s] Level 1:colcon.colcon_core.package_identification:_identify(server/node_modules/ws) by extensions ['colcon_meta']
[0.207s] Level 1:colcon.colcon_core.package_identification:_identify(server/node_modules/ws) by extension 'colcon_meta'
[0.207s] Level 1:colcon.colcon_core.package_identification:_identify(server/node_modules/ws) by extensions ['ros']
[0.207s] Level 1:colcon.colcon_core.package_identification:_identify(server/node_modules/ws) by extension 'ros'
[0.207s] Level 1:colcon.colcon_core.package_identification:_identify(server/node_modules/ws) by extensions ['cmake', 'python']
[0.207s] Level 1:colcon.colcon_core.package_identification:_identify(server/node_modules/ws) by extension 'cmake'
[0.207s] Level 1:colcon.colcon_core.package_identification:_identify(server/node_modules/ws) by extension 'python'
[0.207s] Level 1:colcon.colcon_core.package_identification:_identify(server/node_modules/ws) by extensions ['python_setup_py']
[0.207s] Level 1:colcon.colcon_core.package_identification:_identify(server/node_modules/ws) by extension 'python_setup_py'
[0.207s] Level 1:colcon.colcon_core.package_identification:_identify(server/node_modules/ws/lib) by extensions ['ignore', 'ignore_ament_install']
[0.207s] Level 1:colcon.colcon_core.package_identification:_identify(server/node_modules/ws/lib) by extension 'ignore'
[0.207s] Level 1:colcon.colcon_core.package_identification:_identify(server/node_modules/ws/lib) by extension 'ignore_ament_install'
[0.207s] Level 1:colcon.colcon_core.package_identification:_identify(server/node_modules/ws/lib) by extensions ['colcon_pkg']
[0.207s] Level 1:colcon.colcon_core.package_identification:_identify(server/node_modules/ws/lib) by extension 'colcon_pkg'
[0.207s] Level 1:colcon.colcon_core.package_identification:_identify(server/node_modules/ws/lib) by extensions ['colcon_meta']
[0.207s] Level 1:colcon.colcon_core.package_identification:_identify(server/node_modules/ws/lib) by extension 'colcon_meta'
[0.207s] Level 1:colcon.colcon_core.package_identification:_identify(server/node_modules/ws/lib) by extensions ['ros']
[0.207s] Level 1:colcon.colcon_core.package_identification:_identify(server/node_modules/ws/lib) by extension 'ros'
[0.207s] Level 1:colcon.colcon_core.package_identification:_identify(server/node_modules/ws/lib) by extensions ['cmake', 'python']
[0.207s] Level 1:colcon.colcon_core.package_identification:_identify(server/node_modules/ws/lib) by extension 'cmake'
[0.207s] Level 1:colcon.colcon_core.package_identification:_identify(server/node_modules/ws/lib) by extension 'python'
[0.207s] Level 1:colcon.colcon_core.package_identification:_identify(server/node_modules/ws/lib) by extensions ['python_setup_py']
[0.207s] Level 1:colcon.colcon_core.package_identification:_identify(server/node_modules/ws/lib) by extension 'python_setup_py'
[0.207s] Level 1:colcon.colcon_core.package_identification:_identify(server/src) by extensions ['ignore', 'ignore_ament_install']
[0.207s] Level 1:colcon.colcon_core.package_identification:_identify(server/src) by extension 'ignore'
[0.207s] Level 1:colcon.colcon_core.package_identification:_identify(server/src) by extension 'ignore_ament_install'
[0.207s] Level 1:colcon.colcon_core.package_identification:_identify(server/src) by extensions ['colcon_pkg']
[0.207s] Level 1:colcon.colcon_core.package_identification:_identify(server/src) by extension 'colcon_pkg'
[0.208s] Level 1:colcon.colcon_core.package_identification:_identify(server/src) by extensions ['colcon_meta']
[0.208s] Level 1:colcon.colcon_core.package_identification:_identify(server/src) by extension 'colcon_meta'
[0.208s] Level 1:colcon.colcon_core.package_identification:_identify(server/src) by extensions ['ros']
[0.208s] Level 1:colcon.colcon_core.package_identification:_identify(server/src) by extension 'ros'
[0.208s] Level 1:colcon.colcon_core.package_identification:_identify(server/src) by extensions ['cmake', 'python']
[0.208s] Level 1:colcon.colcon_core.package_identification:_identify(server/src) by extension 'cmake'
[0.208s] Level 1:colcon.colcon_core.package_identification:_identify(server/src) by extension 'python'
[0.208s] Level 1:colcon.colcon_core.package_identification:_identify(server/src) by extensions ['python_setup_py']
[0.208s] Level 1:colcon.colcon_core.package_identification:_identify(server/src) by extension 'python_setup_py'
[0.208s] Level 1:colcon.colcon_core.package_identification:_identify(src) by extensions ['ignore', 'ignore_ament_install']
[0.208s] Level 1:colcon.colcon_core.package_identification:_identify(src) by extension 'ignore'
[0.208s] Level 1:colcon.colcon_core.package_identification:_identify(src) by extension 'ignore_ament_install'
[0.208s] Level 1:colcon.colcon_core.package_identification:_identify(src) by extensions ['colcon_pkg']
[0.208s] Level 1:colcon.colcon_core.package_identification:_identify(src) by extension 'colcon_pkg'
[0.208s] Level 1:colcon.colcon_core.package_identification:_identify(src) by extensions ['colcon_meta']
[0.208s] Level 1:colcon.colcon_core.package_identification:_identify(src) by extension 'colcon_meta'
[0.208s] Level 1:colcon.colcon_core.package_identification:_identify(src) by extensions ['ros']
[0.208s] Level 1:colcon.colcon_core.package_identification:_identify(src) by extension 'ros'
[0.208s] Level 1:colcon.colcon_core.package_identification:_identify(src) by extensions ['cmake', 'python']
[0.208s] Level 1:colcon.colcon_core.package_identification:_identify(src) by extension 'cmake'
[0.208s] Level 1:colcon.colcon_core.package_identification:_identify(src) by extension 'python'
[0.208s] Level 1:colcon.colcon_core.package_identification:_identify(src) by extensions ['python_setup_py']
[0.208s] Level 1:colcon.colcon_core.package_identification:_identify(src) by extension 'python_setup_py'
[0.208s] Level 1:colcon.colcon_core.package_identification:_identify(src/task_manager) by extensions ['ignore', 'ignore_ament_install']
[0.208s] Level 1:colcon.colcon_core.package_identification:_identify(src/task_manager) by extension 'ignore'
[0.208s] Level 1:colcon.colcon_core.package_identification:_identify(src/task_manager) by extension 'ignore_ament_install'
[0.208s] Level 1:colcon.colcon_core.package_identification:_identify(src/task_manager) by extensions ['colcon_pkg']
[0.208s] Level 1:colcon.colcon_core.package_identification:_identify(src/task_manager) by extension 'colcon_pkg'
[0.208s] Level 1:colcon.colcon_core.package_identification:_identify(src/task_manager) by extensions ['colcon_meta']
[0.208s] Level 1:colcon.colcon_core.package_identification:_identify(src/task_manager) by extension 'colcon_meta'
[0.208s] Level 1:colcon.colcon_core.package_identification:_identify(src/task_manager) by extensions ['ros']
[0.208s] Level 1:colcon.colcon_core.package_identification:_identify(src/task_manager) by extension 'ros'
[0.210s] DEBUG:colcon.colcon_core.package_identification:Package 'src/task_manager' with type 'ros.ament_python' and name 'task_manager'
[0.210s] Level 1:colcon.colcon_core.package_discovery:discover_packages(recursive) using defaults
[0.210s] Level 1:colcon.colcon_core.package_discovery:discover_packages(ignore) discover
[0.210s] Level 1:colcon.colcon_core.package_discovery:discover_packages(ignore) using defaults
[0.210s] Level 1:colcon.colcon_core.package_discovery:discover_packages(path) discover
[0.210s] Level 1:colcon.colcon_core.package_discovery:discover_packages(path) using defaults
[0.222s] Level 1:colcon.colcon_core.package_discovery:discover_packages(prefix_path) check parameters
[0.222s] Level 1:colcon.colcon_core.package_discovery:discover_packages(prefix_path) discover
[0.223s] DEBUG:colcon.colcon_installed_package_information.package_discovery:Found 1 installed packages in /home/addinedu/git_ws/FinalProject/install
[0.224s] DEBUG:colcon.colcon_installed_package_information.package_discovery:Found 399 installed packages in /opt/ros/humble
[0.225s] Level 1:colcon.colcon_core.package_discovery:discover_packages(prefix_path) using defaults
[0.255s] Level 5:colcon.colcon_core.verb:set package 'task_manager' build argument 'cmake_args' from command line to 'None'
[0.255s] Level 5:colcon.colcon_core.verb:set package 'task_manager' build argument 'cmake_target' from command line to 'None'
[0.255s] Level 5:colcon.colcon_core.verb:set package 'task_manager' build argument 'cmake_target_skip_unavailable' from command line to 'False'
[0.255s] Level 5:colcon.colcon_core.verb:set package 'task_manager' build argument 'cmake_clean_cache' from command line to 'False'
[0.255s] Level 5:colcon.colcon_core.verb:set package 'task_manager' build argument 'cmake_clean_first' from command line to 'False'
[0.255s] Level 5:colcon.colcon_core.verb:set package 'task_manager' build argument 'cmake_force_configure' from command line to 'False'
[0.255s] Level 5:colcon.colcon_core.verb:set package 'task_manager' build argument 'ament_cmake_args' from command line to 'None'
[0.255s] Level 5:colcon.colcon_core.verb:set package 'task_manager' build argument 'catkin_cmake_args' from command line to 'None'
[0.255s] Level 5:colcon.colcon_core.verb:set package 'task_manager' build argument 'catkin_skip_building_tests' from command line to 'False'
[0.255s] DEBUG:colcon.colcon_core.verb:Building package 'task_manager' with the following arguments: {'ament_cmake_args': None, 'build_base': '/home/addinedu/git_ws/FinalProject/build/task_manager', 'catkin_cmake_args': None, 'catkin_skip_building_tests': False, 'cmake_args': None, 'cmake_clean_cache': False, 'cmake_clean_first': False, 'cmake_force_configure': False, 'cmake_target': None, 'cmake_target_skip_unavailable': False, 'install_base': '/home/addinedu/git_ws/FinalProject/install/task_manager', 'merge_install': False, 'path': '/home/addinedu/git_ws/FinalProject/src/task_manager', 'symlink_install': False, 'test_result_base': None}
[0.255s] INFO:colcon.colcon_core.executor:Executing jobs using 'parallel' executor
[0.256s] DEBUG:colcon.colcon_parallel_executor.executor.parallel:run_until_complete
[0.256s] INFO:colcon.colcon_ros.task.ament_python.build:Building ROS package in '/home/addinedu/git_ws/FinalProject/src/task_manager' with build type 'ament_python'
[0.256s] Level 1:colcon.colcon_core.shell:create_environment_hook('task_manager', 'ament_prefix_path')
[0.258s] INFO:colcon.colcon_core.plugin_system:Skipping extension 'colcon_core.shell.bat': Not used on non-Windows systems
[0.258s] INFO:colcon.colcon_core.shell:Creating environment hook '/home/addinedu/git_ws/FinalProject/install/task_manager/share/task_manager/hook/ament_prefix_path.ps1'
[0.258s] INFO:colcon.colcon_core.shell:Creating environment descriptor '/home/addinedu/git_ws/FinalProject/install/task_manager/share/task_manager/hook/ament_prefix_path.dsv'
[0.259s] INFO:colcon.colcon_core.shell:Creating environment hook '/home/addinedu/git_ws/FinalProject/install/task_manager/share/task_manager/hook/ament_prefix_path.sh'
[0.259s] INFO:colcon.colcon_core.shell:Skip shell extension 'powershell' for command environment: Not usable outside of PowerShell
[0.259s] DEBUG:colcon.colcon_core.shell:Skip shell extension 'dsv' for command environment
[0.443s] INFO:colcon.colcon_core.task.python.build:Building Python package in '/home/addinedu/git_ws/FinalProject/src/task_manager'
[0.443s] INFO:colcon.colcon_core.shell:Skip shell extension 'powershell' for command environment: Not usable outside of PowerShell
[0.443s] DEBUG:colcon.colcon_core.shell:Skip shell extension 'dsv' for command environment
[0.711s] DEBUG:colcon.colcon_core.event_handler.log_command:Invoking command in '/home/addinedu/git_ws/FinalProject/src/task_manager': PYTHONPATH=/home/addinedu/git_ws/FinalProject/build/task_manager/prefix_override:/home/addinedu/git_ws/FinalProject/install/task_manager/lib/python3.10/site-packages:${PYTHONPATH} /usr/bin/python3 -W ignore:setup.py install is deprecated setup.py egg_info --egg-base ../../build/task_manager build --build-base /home/addinedu/git_ws/FinalProject/build/task_manager/build install --record /home/addinedu/git_ws/FinalProject/build/task_manager/install.log --single-version-externally-managed install_data
[0.911s] DEBUG:colcon.colcon_core.event_handler.log_command:Invoked command in '/home/addinedu/git_ws/FinalProject/src/task_manager' returned '0': PYTHONPATH=/home/addinedu/git_ws/FinalProject/build/task_manager/prefix_override:/home/addinedu/git_ws/FinalProject/install/task_manager/lib/python3.10/site-packages:${PYTHONPATH} /usr/bin/python3 -W ignore:setup.py install is deprecated setup.py egg_info --egg-base ../../build/task_manager build --build-base /home/addinedu/git_ws/FinalProject/build/task_manager/build install --record /home/addinedu/git_ws/FinalProject/build/task_manager/install.log --single-version-externally-managed install_data
[0.912s] Level 1:colcon.colcon_core.environment:checking '/home/addinedu/git_ws/FinalProject/install/task_manager' for CMake module files
[0.913s] Level 1:colcon.colcon_core.environment:checking '/home/addinedu/git_ws/FinalProject/install/task_manager' for CMake config files
[0.913s] Level 1:colcon.colcon_core.environment:checking '/home/addinedu/git_ws/FinalProject/install/task_manager/lib'
[0.913s] Level 1:colcon.colcon_core.environment:checking '/home/addinedu/git_ws/FinalProject/install/task_manager/bin'
[0.913s] Level 1:colcon.colcon_core.environment:checking '/home/addinedu/git_ws/FinalProject/install/task_manager/lib/pkgconfig/task_manager.pc'
[0.913s] Level 1:colcon.colcon_core.environment:checking '/home/addinedu/git_ws/FinalProject/install/task_manager/lib/python3.10/site-packages'
[0.913s] Level 1:colcon.colcon_core.shell:create_environment_hook('task_manager', 'pythonpath')
[0.913s] INFO:colcon.colcon_core.shell:Creating environment hook '/home/addinedu/git_ws/FinalProject/install/task_manager/share/task_manager/hook/pythonpath.ps1'
[0.914s] INFO:colcon.colcon_core.shell:Creating environment descriptor '/home/addinedu/git_ws/FinalProject/install/task_manager/share/task_manager/hook/pythonpath.dsv'
[0.914s] INFO:colcon.colcon_core.shell:Creating environment hook '/home/addinedu/git_ws/FinalProject/install/task_manager/share/task_manager/hook/pythonpath.sh'
[0.914s] Level 1:colcon.colcon_core.environment:checking '/home/addinedu/git_ws/FinalProject/install/task_manager/bin'
[0.914s] Level 1:colcon.colcon_core.environment:create_environment_scripts_only(task_manager)
[0.915s] INFO:colcon.colcon_core.shell:Creating package script '/home/addinedu/git_ws/FinalProject/install/task_manager/share/task_manager/package.ps1'
[0.915s] INFO:colcon.colcon_core.shell:Creating package descriptor '/home/addinedu/git_ws/FinalProject/install/task_manager/share/task_manager/package.dsv'
[0.915s] INFO:colcon.colcon_core.shell:Creating package script '/home/addinedu/git_ws/FinalProject/install/task_manager/share/task_manager/package.sh'
[0.916s] INFO:colcon.colcon_core.shell:Creating package script '/home/addinedu/git_ws/FinalProject/install/task_manager/share/task_manager/package.bash'
[0.916s] INFO:colcon.colcon_core.shell:Creating package script '/home/addinedu/git_ws/FinalProject/install/task_manager/share/task_manager/package.zsh'
[0.917s] Level 1:colcon.colcon_core.environment:create_file_with_runtime_dependencies(/home/addinedu/git_ws/FinalProject/install/task_manager/share/colcon-core/packages/task_manager)
[0.917s] DEBUG:colcon.colcon_parallel_executor.executor.parallel:closing loop
[0.917s] DEBUG:colcon.colcon_parallel_executor.executor.parallel:loop closed
[0.917s] DEBUG:colcon.colcon_parallel_executor.executor.parallel:run_until_complete finished with '0'
[0.917s] DEBUG:colcon.colcon_core.event_reactor:joining thread
[0.921s] INFO:colcon.colcon_core.plugin_system:Skipping extension 'colcon_notification.desktop_notification.terminal_notifier': Not used on non-Darwin systems
[0.921s] INFO:colcon.colcon_core.plugin_system:Skipping extension 'colcon_notification.desktop_notification.win32': Not used on non-Windows systems
[0.921s] INFO:colcon.colcon_notification.desktop_notification:Sending desktop notification using 'notify2'
[0.929s] DEBUG:colcon.colcon_core.event_reactor:joined thread
[0.929s] INFO:colcon.colcon_core.shell:Creating prefix script '/home/addinedu/git_ws/FinalProject/install/local_setup.ps1'
[0.930s] INFO:colcon.colcon_core.shell:Creating prefix util module '/home/addinedu/git_ws/FinalProject/install/_local_setup_util_ps1.py'
[0.931s] INFO:colcon.colcon_core.shell:Creating prefix chain script '/home/addinedu/git_ws/FinalProject/install/setup.ps1'
[0.931s] INFO:colcon.colcon_core.shell:Creating prefix script '/home/addinedu/git_ws/FinalProject/install/local_setup.sh'
[0.932s] INFO:colcon.colcon_core.shell:Creating prefix util module '/home/addinedu/git_ws/FinalProject/install/_local_setup_util_sh.py'
[0.932s] INFO:colcon.colcon_core.shell:Creating prefix chain script '/home/addinedu/git_ws/FinalProject/install/setup.sh'
[0.933s] INFO:colcon.colcon_core.shell:Creating prefix script '/home/addinedu/git_ws/FinalProject/install/local_setup.bash'
[0.933s] INFO:colcon.colcon_core.shell:Creating prefix chain script '/home/addinedu/git_ws/FinalProject/install/setup.bash'
[0.933s] INFO:colcon.colcon_core.shell:Creating prefix script '/home/addinedu/git_ws/FinalProject/install/local_setup.zsh'
[0.934s] INFO:colcon.colcon_core.shell:Creating prefix chain script '/home/addinedu/git_ws/FinalProject/install/setup.zsh'
