[0.472s] Invoking command in '/home/addinedu/git_ws/FinalProject/src/task_manager': PYTHONPATH=/home/addinedu/git_ws/FinalProject/build/task_manager/prefix_override:/home/addinedu/git_ws/FinalProject/install/task_manager/lib/python3.10/site-packages:${PYTHONPATH} /usr/bin/python3 -W ignore:setup.py install is deprecated setup.py egg_info --egg-base ../../build/task_manager build --build-base /home/addinedu/git_ws/FinalProject/build/task_manager/build install --record /home/addinedu/git_ws/FinalProject/build/task_manager/install.log --single-version-externally-managed install_data
[0.643s] running egg_info
[0.643s] writing ../../build/task_manager/task_manager.egg-info/PKG-INFO
[0.643s] writing dependency_links to ../../build/task_manager/task_manager.egg-info/dependency_links.txt
[0.643s] writing entry points to ../../build/task_manager/task_manager.egg-info/entry_points.txt
[0.643s] writing requirements to ../../build/task_manager/task_manager.egg-info/requires.txt
[0.643s] writing top-level names to ../../build/task_manager/task_manager.egg-info/top_level.txt
[0.644s] reading manifest file '../../build/task_manager/task_manager.egg-info/SOURCES.txt'
[0.645s] writing manifest file '../../build/task_manager/task_manager.egg-info/SOURCES.txt'
[0.645s] running build
[0.645s] running build_py
[0.645s] copying task_manager/order_receiver.py -> /home/addinedu/git_ws/FinalProject/build/task_manager/build/lib/task_manager
[0.645s] copying task_manager/task_dispather.py -> /home/addinedu/git_ws/FinalProject/build/task_manager/build/lib/task_manager
[0.645s] running install
[0.645s] running install_lib
[0.646s] copying /home/addinedu/git_ws/FinalProject/build/task_manager/build/lib/task_manager/order_receiver.py -> /home/addinedu/git_ws/FinalProject/install/task_manager/lib/python3.10/site-packages/task_manager
[0.646s] copying /home/addinedu/git_ws/FinalProject/build/task_manager/build/lib/task_manager/task_dispather.py -> /home/addinedu/git_ws/FinalProject/install/task_manager/lib/python3.10/site-packages/task_manager
[0.646s] byte-compiling /home/addinedu/git_ws/FinalProject/install/task_manager/lib/python3.10/site-packages/task_manager/order_receiver.py to order_receiver.cpython-310.pyc
[0.647s] byte-compiling /home/addinedu/git_ws/FinalProject/install/task_manager/lib/python3.10/site-packages/task_manager/task_dispather.py to task_dispather.cpython-310.pyc
[0.647s] running install_data
[0.647s] running install_egg_info
[0.648s] removing '/home/addinedu/git_ws/FinalProject/install/task_manager/lib/python3.10/site-packages/task_manager-0.0.0-py3.10.egg-info' (and everything under it)
[0.648s] Copying ../../build/task_manager/task_manager.egg-info to /home/addinedu/git_ws/FinalProject/install/task_manager/lib/python3.10/site-packages/task_manager-0.0.0-py3.10.egg-info
[0.649s] running install_scripts
[0.662s] Installing order_receiver script to /home/addinedu/git_ws/FinalProject/install/task_manager/lib/task_manager
[0.662s] writing list of installed files to '/home/addinedu/git_ws/FinalProject/build/task_manager/install.log'
[0.679s] Invoked command in '/home/addinedu/git_ws/FinalProject/src/task_manager' returned '0': PYTHONPATH=/home/addinedu/git_ws/FinalProject/build/task_manager/prefix_override:/home/addinedu/git_ws/FinalProject/install/task_manager/lib/python3.10/site-packages:${PYTHONPATH} /usr/bin/python3 -W ignore:setup.py install is deprecated setup.py egg_info --egg-base ../../build/task_manager build --build-base /home/addinedu/git_ws/FinalProject/build/task_manager/build install --record /home/addinedu/git_ws/FinalProject/build/task_manager/install.log --single-version-externally-managed install_data
