running egg_info
writing ../../build/task_manager/task_manager.egg-info/PKG-INFO
writing dependency_links to ../../build/task_manager/task_manager.egg-info/dependency_links.txt
writing entry points to ../../build/task_manager/task_manager.egg-info/entry_points.txt
writing requirements to ../../build/task_manager/task_manager.egg-info/requires.txt
writing top-level names to ../../build/task_manager/task_manager.egg-info/top_level.txt
reading manifest file '../../build/task_manager/task_manager.egg-info/SOURCES.txt'
writing manifest file '../../build/task_manager/task_manager.egg-info/SOURCES.txt'
running build
running build_py
copying task_manager/task_receiver.py -> /home/addinedu/git_ws/FinalProject/build/task_manager/build/lib/task_manager
running install
running install_lib
copying /home/addinedu/git_ws/FinalProject/build/task_manager/build/lib/task_manager/task_receiver.py -> /home/addinedu/git_ws/FinalProject/install/task_manager/lib/python3.10/site-packages/task_manager
byte-compiling /home/addinedu/git_ws/FinalProject/install/task_manager/lib/python3.10/site-packages/task_manager/task_receiver.py to task_receiver.cpython-310.pyc
running install_data
running install_egg_info
removing '/home/addinedu/git_ws/FinalProject/install/task_manager/lib/python3.10/site-packages/task_manager-0.0.0-py3.10.egg-info' (and everything under it)
Copying ../../build/task_manager/task_manager.egg-info to /home/addinedu/git_ws/FinalProject/install/task_manager/lib/python3.10/site-packages/task_manager-0.0.0-py3.10.egg-info
running install_scripts
Installing task_receiver script to /home/addinedu/git_ws/FinalProject/install/task_manager/lib/task_manager
writing list of installed files to '/home/addinedu/git_ws/FinalProject/build/task_manager/install.log'
