[0.871s] Invoking command in '/home/addinedu/git_ws/FinalProject/src/task_manager': PYTHONPATH=/home/addinedu/git_ws/FinalProject/build/task_manager/prefix_override:/home/addinedu/git_ws/FinalProject/install/task_manager/lib/python3.10/site-packages:${PYTHONPATH} VIRTUAL_ENV_PROMPT=(pyserial) /usr/bin/python3 -W ignore:setup.py install is deprecated setup.py egg_info --egg-base ../../build/task_manager build --build-base /home/addinedu/git_ws/FinalProject/build/task_manager/build install --record /home/addinedu/git_ws/FinalProject/build/task_manager/install.log --single-version-externally-managed install_data
[1.107s] running egg_info
[1.107s] creating ../../build/task_manager/task_manager.egg-info
[1.108s] writing ../../build/task_manager/task_manager.egg-info/PKG-INFO
[1.108s] writing dependency_links to ../../build/task_manager/task_manager.egg-info/dependency_links.txt
[1.108s] writing entry points to ../../build/task_manager/task_manager.egg-info/entry_points.txt
[1.108s] writing requirements to ../../build/task_manager/task_manager.egg-info/requires.txt
[1.108s] writing top-level names to ../../build/task_manager/task_manager.egg-info/top_level.txt
[1.108s] writing manifest file '../../build/task_manager/task_manager.egg-info/SOURCES.txt'
[1.112s] reading manifest file '../../build/task_manager/task_manager.egg-info/SOURCES.txt'
[1.112s] writing manifest file '../../build/task_manager/task_manager.egg-info/SOURCES.txt'
[1.113s] running build
[1.113s] running build_py
[1.113s] creating /home/addinedu/git_ws/FinalProject/build/task_manager/build
[1.113s] creating /home/addinedu/git_ws/FinalProject/build/task_manager/build/lib
[1.113s] creating /home/addinedu/git_ws/FinalProject/build/task_manager/build/lib/task_manager
[1.113s] copying task_manager/task_dispather.py -> /home/addinedu/git_ws/FinalProject/build/task_manager/build/lib/task_manager
[1.113s] copying task_manager/task_receiver.py -> /home/addinedu/git_ws/FinalProject/build/task_manager/build/lib/task_manager
[1.113s] copying task_manager/__init__.py -> /home/addinedu/git_ws/FinalProject/build/task_manager/build/lib/task_manager
[1.113s] running install
[1.114s] running install_lib
[1.115s] creating /home/addinedu/git_ws/FinalProject/install/task_manager/lib/python3.10/site-packages/task_manager
[1.115s] copying /home/addinedu/git_ws/FinalProject/build/task_manager/build/lib/task_manager/task_dispather.py -> /home/addinedu/git_ws/FinalProject/install/task_manager/lib/python3.10/site-packages/task_manager
[1.115s] copying /home/addinedu/git_ws/FinalProject/build/task_manager/build/lib/task_manager/task_receiver.py -> /home/addinedu/git_ws/FinalProject/install/task_manager/lib/python3.10/site-packages/task_manager
[1.115s] copying /home/addinedu/git_ws/FinalProject/build/task_manager/build/lib/task_manager/__init__.py -> /home/addinedu/git_ws/FinalProject/install/task_manager/lib/python3.10/site-packages/task_manager
[1.116s] byte-compiling /home/addinedu/git_ws/FinalProject/install/task_manager/lib/python3.10/site-packages/task_manager/task_dispather.py to task_dispather.cpython-310.pyc
[1.116s] byte-compiling /home/addinedu/git_ws/FinalProject/install/task_manager/lib/python3.10/site-packages/task_manager/task_receiver.py to task_receiver.cpython-310.pyc
[1.116s] byte-compiling /home/addinedu/git_ws/FinalProject/install/task_manager/lib/python3.10/site-packages/task_manager/__init__.py to __init__.cpython-310.pyc
[1.116s] running install_data
[1.116s] creating /home/addinedu/git_ws/FinalProject/install/task_manager/share/ament_index
[1.116s] creating /home/addinedu/git_ws/FinalProject/install/task_manager/share/ament_index/resource_index
[1.116s] creating /home/addinedu/git_ws/FinalProject/install/task_manager/share/ament_index/resource_index/packages
[1.116s] copying resource/task_manager -> /home/addinedu/git_ws/FinalProject/install/task_manager/share/ament_index/resource_index/packages
[1.117s] copying package.xml -> /home/addinedu/git_ws/FinalProject/install/task_manager/share/task_manager
[1.117s] running install_egg_info
[1.119s] Copying ../../build/task_manager/task_manager.egg-info to /home/addinedu/git_ws/FinalProject/install/task_manager/lib/python3.10/site-packages/task_manager-0.0.0-py3.10.egg-info
[1.119s] running install_scripts
[1.140s] writing list of installed files to '/home/addinedu/git_ws/FinalProject/build/task_manager/install.log'
[1.192s] Invoked command in '/home/addinedu/git_ws/FinalProject/src/task_manager' returned '0': PYTHONPATH=/home/addinedu/git_ws/FinalProject/build/task_manager/prefix_override:/home/addinedu/git_ws/FinalProject/install/task_manager/lib/python3.10/site-packages:${PYTHONPATH} VIRTUAL_ENV_PROMPT=(pyserial) /usr/bin/python3 -W ignore:setup.py install is deprecated setup.py egg_info --egg-base ../../build/task_manager build --build-base /home/addinedu/git_ws/FinalProject/build/task_manager/build install --record /home/addinedu/git_ws/FinalProject/build/task_manager/install.log --single-version-externally-managed install_data
