[0.457s] Invoking command in '/home/addinedu/git_ws/FinalProject/src/task_manager': PS1=(pyserial) \[\e]0;\u@\h: \w\a\]${debian_chroot:+($debian_chroot)}\[\033[01;32m\]\u@\h\[\033[00m\]:\[\033[01;34m\]\w\[\033[00m\]\$ PYTHONPATH=/home/addinedu/git_ws/FinalProject/build/task_manager/prefix_override:/home/addinedu/git_ws/FinalProject/install/task_manager/lib/python3.10/site-packages:${PYTHONPATH} VIRTUAL_ENV_PROMPT=(pyserial) /usr/bin/python3 -W ignore:setup.py install is deprecated setup.py egg_info --egg-base ../../build/task_manager build --build-base /home/addinedu/git_ws/FinalProject/build/task_manager/build install --record /home/addinedu/git_ws/FinalProject/build/task_manager/install.log --single-version-externally-managed install_data
[0.620s] running egg_info
[0.620s] writing ../../build/task_manager/task_manager.egg-info/PKG-INFO
[0.620s] writing dependency_links to ../../build/task_manager/task_manager.egg-info/dependency_links.txt
[0.620s] writing entry points to ../../build/task_manager/task_manager.egg-info/entry_points.txt
[0.620s] writing requirements to ../../build/task_manager/task_manager.egg-info/requires.txt
[0.621s] writing top-level names to ../../build/task_manager/task_manager.egg-info/top_level.txt
[0.622s] reading manifest file '../../build/task_manager/task_manager.egg-info/SOURCES.txt'
[0.622s] writing manifest file '../../build/task_manager/task_manager.egg-info/SOURCES.txt'
[0.622s] running build
[0.622s] running build_py
[0.623s] running install
[0.623s] running install_lib
[0.624s] running install_data
[0.624s] running install_egg_info
[0.624s] removing '/home/addinedu/git_ws/FinalProject/install/task_manager/lib/python3.10/site-packages/task_manager-0.0.0-py3.10.egg-info' (and everything under it)
[0.625s] Copying ../../build/task_manager/task_manager.egg-info to /home/addinedu/git_ws/FinalProject/install/task_manager/lib/python3.10/site-packages/task_manager-0.0.0-py3.10.egg-info
[0.625s] running install_scripts
[0.639s] Installing order_receiver script to /home/addinedu/git_ws/FinalProject/install/task_manager/lib/task_manager
[0.639s] writing list of installed files to '/home/addinedu/git_ws/FinalProject/build/task_manager/install.log'
[0.656s] Invoked command in '/home/addinedu/git_ws/FinalProject/src/task_manager' returned '0': PS1=(pyserial) \[\e]0;\u@\h: \w\a\]${debian_chroot:+($debian_chroot)}\[\033[01;32m\]\u@\h\[\033[00m\]:\[\033[01;34m\]\w\[\033[00m\]\$ PYTHONPATH=/home/addinedu/git_ws/FinalProject/build/task_manager/prefix_override:/home/addinedu/git_ws/FinalProject/install/task_manager/lib/python3.10/site-packages:${PYTHONPATH} VIRTUAL_ENV_PROMPT=(pyserial) /usr/bin/python3 -W ignore:setup.py install is deprecated setup.py egg_info --egg-base ../../build/task_manager build --build-base /home/addinedu/git_ws/FinalProject/build/task_manager/build install --record /home/addinedu/git_ws/FinalProject/build/task_manager/install.log --single-version-externally-managed install_data
