running egg_info
creating ../../build/manager_pkg/manager_pkg.egg-info
writing ../../build/manager_pkg/manager_pkg.egg-info/PKG-INFO
writing dependency_links to ../../build/manager_pkg/manager_pkg.egg-info/dependency_links.txt
writing entry points to ../../build/manager_pkg/manager_pkg.egg-info/entry_points.txt
writing requirements to ../../build/manager_pkg/manager_pkg.egg-info/requires.txt
writing top-level names to ../../build/manager_pkg/manager_pkg.egg-info/top_level.txt
writing manifest file '../../build/manager_pkg/manager_pkg.egg-info/SOURCES.txt'
reading manifest file '../../build/manager_pkg/manager_pkg.egg-info/SOURCES.txt'
writing manifest file '../../build/manager_pkg/manager_pkg.egg-info/SOURCES.txt'
running build
running build_py
creating /home/addinedu/ros-repo-2/gui/manager_pkg/build/manager_pkg/build
creating /home/addinedu/ros-repo-2/gui/manager_pkg/build/manager_pkg/build/lib
creating /home/addinedu/ros-repo-2/gui/manager_pkg/build/manager_pkg/build/lib/manager_pkg
copying manager_pkg/manager_main.py -> /home/addinedu/ros-repo-2/gui/manager_pkg/build/manager_pkg/build/lib/manager_pkg
copying manager_pkg/barcode_scanner.py -> /home/addinedu/ros-repo-2/gui/manager_pkg/build/manager_pkg/build/lib/manager_pkg
copying manager_pkg/__init__.py -> /home/addinedu/ros-repo-2/gui/manager_pkg/build/manager_pkg/build/lib/manager_pkg
running install
running install_lib
creating /home/addinedu/ros-repo-2/gui/manager_pkg/install/manager_pkg/lib/python3.10/site-packages/manager_pkg
copying /home/addinedu/ros-repo-2/gui/manager_pkg/build/manager_pkg/build/lib/manager_pkg/manager_main.py -> /home/addinedu/ros-repo-2/gui/manager_pkg/install/manager_pkg/lib/python3.10/site-packages/manager_pkg
copying /home/addinedu/ros-repo-2/gui/manager_pkg/build/manager_pkg/build/lib/manager_pkg/barcode_scanner.py -> /home/addinedu/ros-repo-2/gui/manager_pkg/install/manager_pkg/lib/python3.10/site-packages/manager_pkg
copying /home/addinedu/ros-repo-2/gui/manager_pkg/build/manager_pkg/build/lib/manager_pkg/__init__.py -> /home/addinedu/ros-repo-2/gui/manager_pkg/install/manager_pkg/lib/python3.10/site-packages/manager_pkg
byte-compiling /home/addinedu/ros-repo-2/gui/manager_pkg/install/manager_pkg/lib/python3.10/site-packages/manager_pkg/manager_main.py to manager_main.cpython-310.pyc
byte-compiling /home/addinedu/ros-repo-2/gui/manager_pkg/install/manager_pkg/lib/python3.10/site-packages/manager_pkg/barcode_scanner.py to barcode_scanner.cpython-310.pyc
byte-compiling /home/addinedu/ros-repo-2/gui/manager_pkg/install/manager_pkg/lib/python3.10/site-packages/manager_pkg/__init__.py to __init__.cpython-310.pyc
running install_data
creating /home/addinedu/ros-repo-2/gui/manager_pkg/install/manager_pkg/share/ament_index
creating /home/addinedu/ros-repo-2/gui/manager_pkg/install/manager_pkg/share/ament_index/resource_index
creating /home/addinedu/ros-repo-2/gui/manager_pkg/install/manager_pkg/share/ament_index/resource_index/packages
copying resource/manager_pkg -> /home/addinedu/ros-repo-2/gui/manager_pkg/install/manager_pkg/share/ament_index/resource_index/packages
copying package.xml -> /home/addinedu/ros-repo-2/gui/manager_pkg/install/manager_pkg/share/manager_pkg
running install_egg_info
Copying ../../build/manager_pkg/manager_pkg.egg-info to /home/addinedu/ros-repo-2/gui/manager_pkg/install/manager_pkg/lib/python3.10/site-packages/manager_pkg-0.0.0-py3.10.egg-info
running install_scripts
Installing manager_main script to /home/addinedu/ros-repo-2/gui/manager_pkg/install/manager_pkg/lib/manager_pkg
writing list of installed files to '/home/addinedu/ros-repo-2/gui/manager_pkg/build/manager_pkg/install.log'
