[0.750s] Invoking command in '/home/addinedu/ros-repo-2/gui/manager_pkg/src/manager_pkg': PYTHONPATH=/home/addinedu/ros-repo-2/gui/manager_pkg/build/manager_pkg/prefix_override:/home/addinedu/ros-repo-2/gui/manager_pkg/install/manager_pkg/lib/python3.10/site-packages:${PYTHONPATH} /usr/bin/python3 -W ignore:setup.py install is deprecated setup.py egg_info --egg-base ../../build/manager_pkg build --build-base /home/addinedu/ros-repo-2/gui/manager_pkg/build/manager_pkg/build install --record /home/addinedu/ros-repo-2/gui/manager_pkg/build/manager_pkg/install.log --single-version-externally-managed install_data
[0.954s] running egg_info
[0.954s] creating ../../build/manager_pkg/manager_pkg.egg-info
[0.970s] writing ../../build/manager_pkg/manager_pkg.egg-info/PKG-INFO
[0.970s] writing dependency_links to ../../build/manager_pkg/manager_pkg.egg-info/dependency_links.txt
[0.970s] writing entry points to ../../build/manager_pkg/manager_pkg.egg-info/entry_points.txt
[0.970s] writing requirements to ../../build/manager_pkg/manager_pkg.egg-info/requires.txt
[0.971s] writing top-level names to ../../build/manager_pkg/manager_pkg.egg-info/top_level.txt
[0.971s] writing manifest file '../../build/manager_pkg/manager_pkg.egg-info/SOURCES.txt'
[1.002s] reading manifest file '../../build/manager_pkg/manager_pkg.egg-info/SOURCES.txt'
[1.002s] writing manifest file '../../build/manager_pkg/manager_pkg.egg-info/SOURCES.txt'
[1.003s] running build
[1.003s] running build_py
[1.003s] creating /home/addinedu/ros-repo-2/gui/manager_pkg/build/manager_pkg/build
[1.003s] creating /home/addinedu/ros-repo-2/gui/manager_pkg/build/manager_pkg/build/lib
[1.003s] creating /home/addinedu/ros-repo-2/gui/manager_pkg/build/manager_pkg/build/lib/manager_pkg
[1.003s] copying manager_pkg/manager_main.py -> /home/addinedu/ros-repo-2/gui/manager_pkg/build/manager_pkg/build/lib/manager_pkg
[1.003s] copying manager_pkg/barcode_scanner.py -> /home/addinedu/ros-repo-2/gui/manager_pkg/build/manager_pkg/build/lib/manager_pkg
[1.003s] copying manager_pkg/__init__.py -> /home/addinedu/ros-repo-2/gui/manager_pkg/build/manager_pkg/build/lib/manager_pkg
[1.003s] running install
[1.008s] running install_lib
[1.023s] creating /home/addinedu/ros-repo-2/gui/manager_pkg/install/manager_pkg/lib/python3.10/site-packages/manager_pkg
[1.023s] copying /home/addinedu/ros-repo-2/gui/manager_pkg/build/manager_pkg/build/lib/manager_pkg/manager_main.py -> /home/addinedu/ros-repo-2/gui/manager_pkg/install/manager_pkg/lib/python3.10/site-packages/manager_pkg
[1.024s] copying /home/addinedu/ros-repo-2/gui/manager_pkg/build/manager_pkg/build/lib/manager_pkg/barcode_scanner.py -> /home/addinedu/ros-repo-2/gui/manager_pkg/install/manager_pkg/lib/python3.10/site-packages/manager_pkg
[1.024s] copying /home/addinedu/ros-repo-2/gui/manager_pkg/build/manager_pkg/build/lib/manager_pkg/__init__.py -> /home/addinedu/ros-repo-2/gui/manager_pkg/install/manager_pkg/lib/python3.10/site-packages/manager_pkg
[1.024s] byte-compiling /home/addinedu/ros-repo-2/gui/manager_pkg/install/manager_pkg/lib/python3.10/site-packages/manager_pkg/manager_main.py to manager_main.cpython-310.pyc
[1.026s] byte-compiling /home/addinedu/ros-repo-2/gui/manager_pkg/install/manager_pkg/lib/python3.10/site-packages/manager_pkg/barcode_scanner.py to barcode_scanner.cpython-310.pyc
[1.026s] byte-compiling /home/addinedu/ros-repo-2/gui/manager_pkg/install/manager_pkg/lib/python3.10/site-packages/manager_pkg/__init__.py to __init__.cpython-310.pyc
[1.027s] running install_data
[1.027s] creating /home/addinedu/ros-repo-2/gui/manager_pkg/install/manager_pkg/share/ament_index
[1.027s] creating /home/addinedu/ros-repo-2/gui/manager_pkg/install/manager_pkg/share/ament_index/resource_index
[1.027s] creating /home/addinedu/ros-repo-2/gui/manager_pkg/install/manager_pkg/share/ament_index/resource_index/packages
[1.027s] copying resource/manager_pkg -> /home/addinedu/ros-repo-2/gui/manager_pkg/install/manager_pkg/share/ament_index/resource_index/packages
[1.027s] copying package.xml -> /home/addinedu/ros-repo-2/gui/manager_pkg/install/manager_pkg/share/manager_pkg
[1.027s] running install_egg_info
[1.044s] Copying ../../build/manager_pkg/manager_pkg.egg-info to /home/addinedu/ros-repo-2/gui/manager_pkg/install/manager_pkg/lib/python3.10/site-packages/manager_pkg-0.0.0-py3.10.egg-info
[1.045s] running install_scripts
[1.180s] Installing manager_main script to /home/addinedu/ros-repo-2/gui/manager_pkg/install/manager_pkg/lib/manager_pkg
[1.181s] writing list of installed files to '/home/addinedu/ros-repo-2/gui/manager_pkg/build/manager_pkg/install.log'
[1.197s] Invoked command in '/home/addinedu/ros-repo-2/gui/manager_pkg/src/manager_pkg' returned '0': PYTHONPATH=/home/addinedu/ros-repo-2/gui/manager_pkg/build/manager_pkg/prefix_override:/home/addinedu/ros-repo-2/gui/manager_pkg/install/manager_pkg/lib/python3.10/site-packages:${PYTHONPATH} /usr/bin/python3 -W ignore:setup.py install is deprecated setup.py egg_info --egg-base ../../build/manager_pkg build --build-base /home/addinedu/ros-repo-2/gui/manager_pkg/build/manager_pkg/build install --record /home/addinedu/ros-repo-2/gui/manager_pkg/build/manager_pkg/install.log --single-version-externally-managed install_data
